<?xml version="1.0" encoding="UTF-8"?>
<testng-results ignored="0" total="10" passed="10" failed="0" skipped="0">
  <reporter-output>
  </reporter-output>
  <suite started-at="2026-06-10T23:58:24 IST" name="Suite" finished-at="2026-06-10T23:58:46 IST" duration-ms="22231">
    <groups>
    </groups>
    <test started-at="2026-06-10T23:58:24 IST" name="BlogSpotTests" finished-at="2026-06-10T23:58:46 IST" duration-ms="22231">
      <class name="tests.BlogSpotTest">
        <test-method is-config="true" signature="setup()[pri:0, instance:tests.BlogSpotTest@2aceadd4]" started-at="2026-06-10T23:58:24 IST" name="setup" finished-at="2026-06-10T23:58:28 IST" duration-ms="3469" status="PASS">
          <reporter-output>
          </reporter-output>
        </test-method> <!-- setup -->
        <test-method is-config="true" signature="setupPage()[pri:0, instance:tests.BlogSpotTest@2aceadd4]" started-at="2026-06-10T23:58:28 IST" name="setupPage" finished-at="2026-06-10T23:58:28 IST" duration-ms="16" status="PASS">
          <reporter-output>
          </reporter-output>
        </test-method> <!-- setupPage -->
        <test-method signature="formDetailsTest()[pri:1, instance:tests.BlogSpotTest@2aceadd4]" started-at="2026-06-10T23:58:28 IST" name="formDetailsTest" finished-at="2026-06-10T23:58:32 IST" duration-ms="4139" status="PASS">
          <reporter-output>
          </reporter-output>
        </test-method> <!-- formDetailsTest -->
        <test-method signature="dropdownSelectionTest()[pri:2, instance:tests.BlogSpotTest@2aceadd4]" started-at="2026-06-10T23:58:32 IST" name="dropdownSelectionTest" finished-at="2026-06-10T23:58:33 IST" duration-ms="796" status="PASS">
          <reporter-output>
          </reporter-output>
        </test-method> <!-- dropdownSelectionTest -->
        <test-method signature="datePickerTest()[pri:3, instance:tests.BlogSpotTest@2aceadd4]" started-at="2026-06-10T23:58:33 IST" name="datePickerTest" finished-at="2026-06-10T23:58:34 IST" duration-ms="1494" status="PASS">
          <reporter-output>
          </reporter-output>
        </test-method> <!-- datePickerTest -->
        <test-method signature="fileUploadTest()[pri:4, instance:tests.BlogSpotTest@2aceadd4]" started-at="2026-06-10T23:58:34 IST" name="fileUploadTest" finished-at="2026-06-10T23:58:35 IST" duration-ms="448" status="PASS">
          <reporter-output>
          </reporter-output>
        </test-method> <!-- fileUploadTest -->
        <test-method signature="paginationTableTest()[pri:5, instance:tests.BlogSpotTest@2aceadd4]" started-at="2026-06-10T23:58:35 IST" name="paginationTableTest" finished-at="2026-06-10T23:58:35 IST" duration-ms="572" status="PASS">
          <reporter-output>
          </reporter-output>
        </test-method> <!-- paginationTableTest -->
        <test-method signature="inputFormSectionTest()[pri:6, instance:tests.BlogSpotTest@2aceadd4]" started-at="2026-06-10T23:58:35 IST" name="inputFormSectionTest" finished-at="2026-06-10T23:58:36 IST" duration-ms="862" status="PASS">
          <reporter-output>
          </reporter-output>
        </test-method> <!-- inputFormSectionTest -->
        <test-method signature="wikipediaTest()[pri:7, instance:tests.BlogSpotTest@2aceadd4]" started-at="2026-06-10T23:58:36 IST" name="wikipediaTest" finished-at="2026-06-10T23:58:37 IST" duration-ms="1078" status="PASS">
          <reporter-output>
          </reporter-output>
        </test-method> <!-- wikipediaTest -->
        <test-method signature="alertTest()[pri:8, instance:tests.BlogSpotTest@2aceadd4]" started-at="2026-06-10T23:58:37 IST" name="alertTest" finished-at="2026-06-10T23:58:38 IST" duration-ms="532" status="PASS">
          <reporter-output>
          </reporter-output>
        </test-method> <!-- alertTest -->
        <test-method signature="windowAndTabTest()[pri:9, instance:tests.BlogSpotTest@2aceadd4]" started-at="2026-06-10T23:58:38 IST" name="windowAndTabTest" finished-at="2026-06-10T23:58:39 IST" duration-ms="994" status="PASS">
          <reporter-output>
          </reporter-output>
        </test-method> <!-- windowAndTabTest -->
        <test-method signature="actionsLaptopBrokenLinksAndShadowDomTest()[pri:10, instance:tests.BlogSpotTest@2aceadd4]" started-at="2026-06-10T23:58:39 IST" name="actionsLaptopBrokenLinksAndShadowDomTest" finished-at="2026-06-10T23:58:46 IST" duration-ms="7127" status="PASS">
          <reporter-output>
          </reporter-output>
        </test-method> <!-- actionsLaptopBrokenLinksAndShadowDomTest -->
        <test-method is-config="true" signature="tearDown()[pri:0, instance:tests.BlogSpotTest@2aceadd4]" started-at="2026-06-10T23:58:46 IST" name="tearDown" finished-at="2026-06-10T23:58:46 IST" duration-ms="466" status="PASS">
          <reporter-output>
          </reporter-output>
        </test-method> <!-- tearDown -->
      </class> <!-- tests.BlogSpotTest -->
    </test> <!-- BlogSpotTests -->
  </suite> <!-- Suite -->
</testng-results>
