<?xml version="1.0" encoding="UTF-8"?>
<testng-results ignored="0" total="10" passed="10" failed="0" skipped="0">
  <reporter-output>
  </reporter-output>
  <suite started-at="2026-06-10T15:59:32 IST" name="Suite" finished-at="2026-06-10T15:59:51 IST" duration-ms="19591">
    <groups>
    </groups>
    <test started-at="2026-06-10T15:59:32 IST" name="BlogSpotTests" finished-at="2026-06-10T15:59:51 IST" duration-ms="19591">
      <class name="tests.BlogSpotTest">
        <test-method is-config="true" signature="setup()[pri:0, instance:tests.BlogSpotTest@2aceadd4]" started-at="2026-06-10T15:59:32 IST" name="setup" finished-at="2026-06-10T15:59:40 IST" duration-ms="8006" status="PASS">
          <reporter-output>
          </reporter-output>
        </test-method> <!-- setup -->
        <test-method is-config="true" signature="setupPage()[pri:0, instance:tests.BlogSpotTest@2aceadd4]" started-at="2026-06-10T15:59:40 IST" name="setupPage" finished-at="2026-06-10T15:59:40 IST" duration-ms="5" status="PASS">
          <reporter-output>
          </reporter-output>
        </test-method> <!-- setupPage -->
        <test-method signature="formDetailsTest()[pri:1, instance:tests.BlogSpotTest@2aceadd4]" started-at="2026-06-10T15:59:40 IST" name="formDetailsTest" finished-at="2026-06-10T15:59:42 IST" duration-ms="1743" status="PASS">
          <reporter-output>
          </reporter-output>
        </test-method> <!-- formDetailsTest -->
        <test-method signature="dropdownSelectionTest()[pri:2, instance:tests.BlogSpotTest@2aceadd4]" started-at="2026-06-10T15:59:42 IST" name="dropdownSelectionTest" finished-at="2026-06-10T15:59:42 IST" duration-ms="408" status="PASS">
          <reporter-output>
          </reporter-output>
        </test-method> <!-- dropdownSelectionTest -->
        <test-method signature="datePickerTest()[pri:3, instance:tests.BlogSpotTest@2aceadd4]" started-at="2026-06-10T15:59:42 IST" name="datePickerTest" finished-at="2026-06-10T15:59:43 IST" duration-ms="885" status="PASS">
          <reporter-output>
          </reporter-output>
        </test-method> <!-- datePickerTest -->
        <test-method signature="fileUploadTest()[pri:4, instance:tests.BlogSpotTest@2aceadd4]" started-at="2026-06-10T15:59:43 IST" name="fileUploadTest" finished-at="2026-06-10T15:59:43 IST" duration-ms="266" status="PASS">
          <reporter-output>
          </reporter-output>
        </test-method> <!-- fileUploadTest -->
        <test-method signature="paginationTableTest()[pri:5, instance:tests.BlogSpotTest@2aceadd4]" started-at="2026-06-10T15:59:43 IST" name="paginationTableTest" finished-at="2026-06-10T15:59:44 IST" duration-ms="278" status="PASS">
          <reporter-output>
          </reporter-output>
        </test-method> <!-- paginationTableTest -->
        <test-method signature="inputFormSectionTest()[pri:6, instance:tests.BlogSpotTest@2aceadd4]" started-at="2026-06-10T15:59:44 IST" name="inputFormSectionTest" finished-at="2026-06-10T15:59:44 IST" duration-ms="465" status="PASS">
          <reporter-output>
          </reporter-output>
        </test-method> <!-- inputFormSectionTest -->
        <test-method signature="wikipediaTest()[pri:7, instance:tests.BlogSpotTest@2aceadd4]" started-at="2026-06-10T15:59:44 IST" name="wikipediaTest" finished-at="2026-06-10T15:59:45 IST" duration-ms="821" status="PASS">
          <reporter-output>
          </reporter-output>
        </test-method> <!-- wikipediaTest -->
        <test-method signature="alertTest()[pri:8, instance:tests.BlogSpotTest@2aceadd4]" started-at="2026-06-10T15:59:45 IST" name="alertTest" finished-at="2026-06-10T15:59:45 IST" duration-ms="276" status="PASS">
          <reporter-output>
          </reporter-output>
        </test-method> <!-- alertTest -->
        <test-method signature="windowAndTabTest()[pri:9, instance:tests.BlogSpotTest@2aceadd4]" started-at="2026-06-10T15:59:45 IST" name="windowAndTabTest" finished-at="2026-06-10T15:59:46 IST" duration-ms="773" status="PASS">
          <reporter-output>
          </reporter-output>
        </test-method> <!-- windowAndTabTest -->
        <test-method signature="actionsLaptopBrokenLinksAndShadowDomTest()[pri:10, instance:tests.BlogSpotTest@2aceadd4]" started-at="2026-06-10T15:59:46 IST" name="actionsLaptopBrokenLinksAndShadowDomTest" finished-at="2026-06-10T15:59:51 IST" duration-ms="5232" status="PASS">
          <reporter-output>
          </reporter-output>
        </test-method> <!-- actionsLaptopBrokenLinksAndShadowDomTest -->
        <test-method is-config="true" signature="tearDown()[pri:0, instance:tests.BlogSpotTest@2aceadd4]" started-at="2026-06-10T15:59:51 IST" name="tearDown" finished-at="2026-06-10T15:59:51 IST" duration-ms="340" status="PASS">
          <reporter-output>
          </reporter-output>
        </test-method> <!-- tearDown -->
      </class> <!-- tests.BlogSpotTest -->
    </test> <!-- BlogSpotTests -->
  </suite> <!-- Suite -->
</testng-results>
