<?xml version="1.0" encoding="UTF-8"?>
<!-- Generated by org.testng.reporters.JUnitReportReporter -->
<testsuite hostname="DESKTOP-UJH0C9S" failures="0" tests="4" name="Testing_practice.Login_validation" time="22.241" errors="0" timestamp="2026-05-21T18:40:50 IST" skipped="0">
  <testcase classname="Testing_practice.Login_validation" name="f" time="4.105"/>
  <testcase classname="Testing_practice.Login_validation" name="f" time="7.057"/>
  <testcase classname="Testing_practice.Login_validation" name="f" time="4.387"/>
  <testcase classname="Testing_practice.Login_validation" name="f" time="6.692"/>
</testsuite> <!-- Testing_practice.Login_validation -->
