<?xml version="1.0" encoding="UTF-8"?>
<!-- Generated by org.testng.reporters.JUnitReportReporter -->
<testsuite hostname="DESKTOP-UJH0C9S" failures="0" tests="9" name="Testing_practice.Validate_search" time="114.806" errors="0" timestamp="2026-05-21T21:51:25 IST" skipped="0">
  <testcase classname="Testing_practice.Validate_search" name="search1" time="14.747"/>
  <testcase classname="Testing_practice.Validate_search" name="search1" time="12.634"/>
  <testcase classname="Testing_practice.Validate_search" name="search1" time="13.419"/>
  <testcase classname="Testing_practice.Validate_search" name="search1" time="11.370"/>
  <testcase classname="Testing_practice.Validate_search" name="search1" time="12.330"/>
  <testcase classname="Testing_practice.Validate_search" name="search1" time="12.894"/>
  <testcase classname="Testing_practice.Validate_search" name="search1" time="12.380"/>
  <testcase classname="Testing_practice.Validate_search" name="search1" time="12.285"/>
  <testcase classname="Testing_practice.Validate_search" name="search1" time="12.747"/>
</testsuite> <!-- Testing_practice.Validate_search -->
