<?xml version="1.0" encoding="UTF-8"?>
<!-- Generated by org.testng.reporters.JUnitReportReporter -->
<testsuite hostname="DESKTOP-UJH0C9S" failures="0" tests="5" name="Testing_practice.Register" time="43.820" errors="0" timestamp="2026-05-21T14:41:02 IST" skipped="0">
  <testcase classname="Testing_practice.Register" name="f" time="7.928"/>
  <testcase classname="Testing_practice.Register" name="f" time="11.972"/>
  <testcase classname="Testing_practice.Register" name="f" time="7.020"/>
  <testcase classname="Testing_practice.Register" name="f" time="8.417"/>
  <testcase classname="Testing_practice.Register" name="f" time="8.483"/>
</testsuite> <!-- Testing_practice.Register -->
