<?xml version="1.0" encoding="UTF-8"?>
<!-- Generated by org.testng.reporters.JUnitReportReporter -->
<testsuite hostname="DESKTOP-UJH0C9S" failures="0" tests="4" name="Testing_practice.Sdemo" time="10.039" errors="0" timestamp="2026-05-24T00:32:46 IST" skipped="0">
  <testcase classname="Testing_practice.Sdemo" name="login" time="2.433"/>
  <testcase classname="Testing_practice.Sdemo" name="add_to_cart" time="2.153"/>
  <testcase classname="Testing_practice.Sdemo" name="checkout" time="2.081"/>
  <testcase classname="Testing_practice.Sdemo" name="place_Order" time="3.372"/>
</testsuite> <!-- Testing_practice.Sdemo -->
