<?xml version="1.0" encoding="UTF-8"?>
<!-- Generated by org.testng.reporters.JUnitReportReporter -->
<testsuite hostname="DESKTOP-UJH0C9S" failures="0" tests="4" name="Testing_practice.Excel_data" time="0.015" errors="0" timestamp="2026-05-22T15:45:41 IST" skipped="0">
  <testcase classname="Testing_practice.Excel_data" name="loginTest" time="0.002"/>
  <testcase classname="Testing_practice.Excel_data" name="loginTest" time="0.004"/>
  <testcase classname="Testing_practice.Excel_data" name="loginTest" time="0.008"/>
  <testcase classname="Testing_practice.Excel_data" name="loginTest" time="0.001"/>
</testsuite> <!-- Testing_practice.Excel_data -->
