<?xml version="1.0" encoding="UTF-8"?>
<!-- Generated by org.testng.reporters.JUnitReportReporter -->
<testsuite hostname="DESKTOP-UJH0C9S" failures="0" tests="10" name="tests.BlogSpotTest" time="18.042" errors="0" timestamp="2026-06-10T23:58:47 IST" skipped="0">
  <testcase classname="tests.BlogSpotTest" name="formDetailsTest" time="4.139"/>
  <testcase classname="tests.BlogSpotTest" name="dropdownSelectionTest" time="0.796"/>
  <testcase classname="tests.BlogSpotTest" name="datePickerTest" time="1.494"/>
  <testcase classname="tests.BlogSpotTest" name="fileUploadTest" time="0.448"/>
  <testcase classname="tests.BlogSpotTest" name="paginationTableTest" time="0.572"/>
  <testcase classname="tests.BlogSpotTest" name="inputFormSectionTest" time="0.862"/>
  <testcase classname="tests.BlogSpotTest" name="wikipediaTest" time="1.078"/>
  <testcase classname="tests.BlogSpotTest" name="alertTest" time="0.532"/>
  <testcase classname="tests.BlogSpotTest" name="windowAndTabTest" time="0.994"/>
  <testcase classname="tests.BlogSpotTest" name="actionsLaptopBrokenLinksAndShadowDomTest" time="7.127"/>
</testsuite> <!-- tests.BlogSpotTest -->
