<?xml version="1.0" encoding="UTF-8"?>
<testng-results ignored="0" total="4" passed="4" failed="0" skipped="0">
  <reporter-output>
  </reporter-output>
  <suite started-at="2026-05-24T00:32:33 IST" name="Default suite" finished-at="2026-05-24T00:32:46 IST" duration-ms="12716">
    <groups>
    </groups>
    <test started-at="2026-05-24T00:32:33 IST" name="Default test" finished-at="2026-05-24T00:32:46 IST" duration-ms="12716">
      <class name="Testing_practice.Sdemo">
        <test-method is-config="true" signature="beforeTest()[pri:0, instance:Testing_practice.Sdemo@4c12331b]" started-at="2026-05-24T00:32:33 IST" name="beforeTest" finished-at="2026-05-24T00:32:35 IST" duration-ms="2400" status="PASS">
          <reporter-output>
          </reporter-output>
        </test-method> <!-- beforeTest -->
        <test-method signature="login()[pri:1, instance:Testing_practice.Sdemo@4c12331b]" started-at="2026-05-24T00:32:35 IST" name="login" finished-at="2026-05-24T00:32:38 IST" duration-ms="2433" status="PASS">
          <reporter-output>
          </reporter-output>
        </test-method> <!-- login -->
        <test-method signature="add_to_cart()[pri:2, instance:Testing_practice.Sdemo@4c12331b]" started-at="2026-05-24T00:32:38 IST" name="add_to_cart" finished-at="2026-05-24T00:32:40 IST" duration-ms="2153" status="PASS">
          <reporter-output>
          </reporter-output>
        </test-method> <!-- add_to_cart -->
        <test-method signature="checkout()[pri:3, instance:Testing_practice.Sdemo@4c12331b]" started-at="2026-05-24T00:32:40 IST" name="checkout" finished-at="2026-05-24T00:32:42 IST" duration-ms="2081" status="PASS">
          <reporter-output>
          </reporter-output>
        </test-method> <!-- checkout -->
        <test-method signature="place_Order()[pri:4, instance:Testing_practice.Sdemo@4c12331b]" started-at="2026-05-24T00:32:42 IST" name="place_Order" finished-at="2026-05-24T00:32:45 IST" duration-ms="3372" status="PASS">
          <reporter-output>
          </reporter-output>
        </test-method> <!-- place_Order -->
        <test-method is-config="true" signature="afterTest()[pri:0, instance:Testing_practice.Sdemo@4c12331b]" started-at="2026-05-24T00:32:45 IST" name="afterTest" finished-at="2026-05-24T00:32:46 IST" duration-ms="217" status="PASS">
          <reporter-output>
          </reporter-output>
        </test-method> <!-- afterTest -->
      </class> <!-- Testing_practice.Sdemo -->
    </test> <!-- Default test -->
  </suite> <!-- Default suite -->
</testng-results>
