<?xml version="1.0" encoding="UTF-8"?>
<testng-results ignored="0" total="1" passed="1" failed="0" skipped="0">
  <reporter-output>
  </reporter-output>
  <suite started-at="2026-06-05T15:07:12 IST" name="Default suite" finished-at="2026-06-05T15:07:12 IST" duration-ms="386">
    <groups>
    </groups>
    <test started-at="2026-06-05T15:07:12 IST" name="Default test" finished-at="2026-06-05T15:07:12 IST" duration-ms="386">
      <class name="tests.SampleTest">
        <test-method signature="verifyTest()[pri:0, instance:tests.SampleTest@30c15d8b]" started-at="2026-06-05T15:07:12 IST" name="verifyTest" finished-at="2026-06-05T15:07:12 IST" duration-ms="186" status="PASS">
          <reporter-output>
          </reporter-output>
        </test-method> <!-- verifyTest -->
      </class> <!-- tests.SampleTest -->
    </test> <!-- Default test -->
  </suite> <!-- Default suite -->
</testng-results>
