<?xml version="1.0" encoding="UTF-8"?>
<!-- Generated by org.testng.reporters.JUnitXMLReporter -->
<testsuite ignored="1" hostname="DESKTOP-UJH0C9S" failures="0" tests="7" name="RegressionTests" time="18.484" errors="0" timestamp="2026-05-21T18:58:54 IST">
  <testcase classname="Testing_practice.Sauce_demo" name="login" time="4.343"/>
  <testcase classname="Testing_practice.Sauce_demo" name="filter_by_price_low_high" time="4.186"/>
  <testcase classname="Testing_practice.Sauce_demo" name="add_to_cart" time="3.061"/>
  <testcase classname="Testing_practice.Sauce_demo" name="product_details" time="2.114"/>
  <testcase classname="Testing_practice.Sauce_demo" name="checkout" time="0.683"/>
  <testcase classname="Testing_practice.Sauce_demo" name="back_to_home_page" time="1.144"/>
  <testcase classname="Testing_practice.Sauce_demo" name="remove_from_cart" time="0.302"/>
  <testcase classname="Testing_practice.Sauce_demo" name="logout" time="0.0">
    <ignored/>
  </testcase> <!-- logout -->
</testsuite> <!-- RegressionTests -->
