<?xml version="1.0" encoding="UTF-8"?>
<!-- Generated by org.testng.reporters.JUnitXMLReporter -->
<testsuite ignored="0" hostname="DESKTOP-UJH0C9S" failures="0" tests="10" name="BlogSpotTests" time="27.756" errors="0" timestamp="2026-06-11T21:30:18 IST">
  <testcase classname="tests.BlogSpotTest" name="formDetailsTest" time="3.224"/>
  <testcase classname="tests.BlogSpotTest" name="dropdownSelectionTest" time="0.706"/>
  <testcase classname="tests.BlogSpotTest" name="datePickerTest" time="1.394"/>
  <testcase classname="tests.BlogSpotTest" name="fileUploadTest" time="0.461"/>
  <testcase classname="tests.BlogSpotTest" name="paginationTableTest" time="0.405"/>
  <testcase classname="tests.BlogSpotTest" name="inputFormSectionTest" time="0.811"/>
  <testcase classname="tests.BlogSpotTest" name="wikipediaTest" time="1.071"/>
  <testcase classname="tests.BlogSpotTest" name="alertTest" time="0.651"/>
  <testcase classname="tests.BlogSpotTest" name="windowAndTabTest" time="1.033"/>
  <testcase classname="tests.BlogSpotTest" name="actionsLaptopBrokenLinksAndShadowDomTest" time="10.284"/>
</testsuite> <!-- BlogSpotTests -->
