<?xml version="1.0" encoding="UTF-8"?>
<!-- Generated by org.testng.reporters.JUnitXMLReporter -->
<testsuite ignored="0" hostname="DESKTOP-UJH0C9S" failures="0" tests="10" name="BlogSpotTests" time="23.997" errors="0" timestamp="2026-06-08T21:23:17 IST">
  <testcase classname="tests.BlogSpotTest" name="formDetailsTest" time="2.529"/>
  <testcase classname="tests.BlogSpotTest" name="dropdownSelectionTest" time="0.488"/>
  <testcase classname="tests.BlogSpotTest" name="datePickerTest" time="0.956"/>
  <testcase classname="tests.BlogSpotTest" name="fileUploadTest" time="0.281"/>
  <testcase classname="tests.BlogSpotTest" name="paginationTableTest" time="0.368"/>
  <testcase classname="tests.BlogSpotTest" name="inputFormSectionTest" time="0.608"/>
  <testcase classname="tests.BlogSpotTest" name="wikipediaTest" time="1.442"/>
  <testcase classname="tests.BlogSpotTest" name="alertTest" time="0.386"/>
  <testcase classname="tests.BlogSpotTest" name="windowAndTabTest" time="1.077"/>
  <testcase classname="tests.BlogSpotTest" name="actionsLaptopBrokenLinksAndShadowDomTest" time="7.082"/>
</testsuite> <!-- BlogSpotTests -->
