<?xml version="1.0" encoding="UTF-8"?>
<!-- Generated by org.testng.reporters.JUnitXMLReporter -->
<testsuite ignored="4" hostname="DESKTOP-UJH0C9S" failures="0" tests="4" name="SmokeTests" time="16.217" errors="0" timestamp="2026-05-21T18:53:02 IST">
  <testcase classname="Testing_practice.Sauce_demo" name="login" time="4.339"/>
  <testcase classname="Testing_practice.Sauce_demo" name="filter_by_price_low_high" time="4.19"/>
  <testcase classname="Testing_practice.Sauce_demo" name="add_to_cart" time="3.072"/>
  <testcase classname="Testing_practice.Sauce_demo" name="product_details" time="2.106"/>
  <testcase classname="Testing_practice.Sauce_demo" name="remove_from_cart" time="0.0">
    <ignored/>
  </testcase> <!-- remove_from_cart -->
  <testcase classname="Testing_practice.Sauce_demo" name="back_to_home_page" time="0.0">
    <ignored/>
  </testcase> <!-- back_to_home_page -->
  <testcase classname="Testing_practice.Sauce_demo" name="logout" time="0.0">
    <ignored/>
  </testcase> <!-- logout -->
  <testcase classname="Testing_practice.Sauce_demo" name="checkout" time="0.0">
    <ignored/>
  </testcase> <!-- checkout -->
</testsuite> <!-- SmokeTests -->
